Arguments: 
  /Users/msaf/.nvm/versions/node/v16.17.0/bin/node /Users/msaf/.nvm/versions/node/v16.17.0/bin/yarn

PATH: 
  /Users/msaf/.nvm/versions/node/v16.17.0/bin:/Users/msaf/.pyenv/shims:/usr/local/bin:/usr/bin:/bin:/usr/sbin:/sbi:/usr/local/bin/python3:/opt/X11/bin:/Users/msaf/.nvm/versions/node/v16.17.0/bin:/Users/msaf/.pyenv/shims:/sbin

Yarn version: 
  1.22.19

Node version: 
  16.17.0

Platform: 
  darwin x64

Trace: 
  SyntaxError: /Users/msaf/Documents/GitHub/sort/package.json: Unexpected token } in JSON at position 880
      at JSON.parse (<anonymous>)
      at /Users/msaf/.nvm/versions/node/v16.17.0/lib/node_modules/yarn/lib/cli.js:1629:59
      at Generator.next (<anonymous>)
      at step (/Users/msaf/.nvm/versions/node/v16.17.0/lib/node_modules/yarn/lib/cli.js:310:30)
      at /Users/msaf/.nvm/versions/node/v16.17.0/lib/node_modules/yarn/lib/cli.js:321:13

npm manifest: 
  {
      "name": "sort",
      "version": "1.0.0",
      "main": "index.js",
      "author": "Safaraliev Maxim <zavoluk@gmail.com>",
      "license": "MIT",
      "scripts": {
          "dev": "vite",
          "build": "vite build",
          "preview": "vite preview"
      },
      "dependencies": {
          "vite": "^3.1.8",
          "vite-tsconfig-paths": "^3.5.2",
          "typescript": "^4.8.4"
      },
      "devDependencies": {
          "@typescript-eslint/eslint-plugin": "^5.40.1",
          "@typescript-eslint/parser": "^5.40.1",
          "eslint": "^8.26.0",
          "eslint-config-prettier": "^8.5.0",
          "eslint-plugin-prettier": "^4.2.1",
          "eslint-plugin-simple-import-sort": "^8.0.0",
          "eslint-plugin-sort-destructure-keys": "^1.4.0",
          "eslint-plugin-sort-keys-fix": "^1.1.2",
          "eslint-plugin-typescript-sort-keys": "^2.1.0",
          "prettier": "^2.7.1",
      }
  }

yarn manifest: 
  No manifest

Lockfile: 
  No lockfile
